<?xml version="1.0" encoding="UTF-8"?>
<testsuite name="com.mysite.sbb.SbbApplicationTests" tests="1" skipped="0" failures="0" errors="0" timestamp="2025-11-08T03:52:29.655Z" hostname="VIVOBOOK-ASUSLA" time="0.874">
  <properties/>
  <testcase name="testJpa()" classname="com.mysite.sbb.SbbApplicationTests" time="0.874"/>
  <system-out><![CDATA[12:52:22.967 [Test worker] INFO org.springframework.test.context.support.AnnotationConfigContextLoaderUtils -- Could not detect default configuration classes for test class [com.mysite.sbb.SbbApplicationTests]: SbbApplicationTests does not declare any static, non-private, non-final, nested classes annotated with @Configuration.
12:52:23.184 [Test worker] INFO org.springframework.boot.test.context.SpringBootTestContextBootstrapper -- Found @SpringBootConfiguration com.mysite.sbb.SbbApplication for test class com.mysite.sbb.SbbApplicationTests

  .   ____          _            __ _ _
 /\\ / ___'_ __ _ _(_)_ __  __ _ \ \ \ \
( ( )\___ | '_ | '_| | '_ \/ _` | \ \ \ \
 \\/  ___)| |_)| | | | | || (_| |  ) ) ) )
  '  |____| .__|_| |_|_| |_\__, | / / / /
 =========|_|==============|___/=/_/_/_/

 :: Spring Boot ::                (v3.3.5)

2025-11-08T12:52:23.792+09:00  INFO 14028 --- [sbb] [    Test worker] com.mysite.sbb.SbbApplicationTests       : Starting SbbApplicationTests using Java 17 with PID 14028 (started by jademon in C:\Users\jademon\Downloads\sbb)
2025-11-08T12:52:23.795+09:00  INFO 14028 --- [sbb] [    Test worker] com.mysite.sbb.SbbApplicationTests       : No active profile set, falling back to 1 default profile: "default"
2025-11-08T12:52:24.940+09:00  INFO 14028 --- [sbb] [    Test worker] .s.d.r.c.RepositoryConfigurationDelegate : Bootstrapping Spring Data JPA repositories in DEFAULT mode.
2025-11-08T12:52:25.034+09:00  INFO 14028 --- [sbb] [    Test worker] .s.d.r.c.RepositoryConfigurationDelegate : Finished Spring Data repository scanning in 92 ms. Found 2 JPA repository interfaces.
2025-11-08T12:52:25.868+09:00  INFO 14028 --- [sbb] [    Test worker] o.hibernate.jpa.internal.util.LogHelper  : HHH000204: Processing PersistenceUnitInfo [name: default]
2025-11-08T12:52:25.963+09:00  INFO 14028 --- [sbb] [    Test worker] org.hibernate.Version                    : HHH000412: Hibernate ORM core version 6.5.3.Final
2025-11-08T12:52:26.021+09:00  INFO 14028 --- [sbb] [    Test worker] o.h.c.internal.RegionFactoryInitiator    : HHH000026: Second-level cache disabled
2025-11-08T12:52:26.490+09:00  INFO 14028 --- [sbb] [    Test worker] o.s.o.j.p.SpringPersistenceUnitInfo      : No LoadTimeWeaver setup: ignoring JPA class transformer
2025-11-08T12:52:26.541+09:00  INFO 14028 --- [sbb] [    Test worker] com.zaxxer.hikari.HikariDataSource       : HikariPool-1 - Starting...
2025-11-08T12:52:26.837+09:00  INFO 14028 --- [sbb] [    Test worker] com.zaxxer.hikari.pool.HikariPool        : HikariPool-1 - Added connection conn0: url=jdbc:h2:~/local user=SA
2025-11-08T12:52:26.837+09:00  INFO 14028 --- [sbb] [    Test worker] com.zaxxer.hikari.HikariDataSource       : HikariPool-1 - Start completed.
2025-11-08T12:52:26.869+09:00  WARN 14028 --- [sbb] [    Test worker] org.hibernate.orm.deprecation            : HHH90000025: H2Dialect does not need to be specified explicitly using 'hibernate.dialect' (remove the property setting and it will be selected by default)
2025-11-08T12:52:28.147+09:00  INFO 14028 --- [sbb] [    Test worker] o.h.e.t.j.p.i.JtaPlatformInitiator       : HHH000489: No JTA platform available (set 'hibernate.transaction.jta.platform' to enable JTA platform integration)
Hibernate: 
    alter table if exists answer 
       alter column content set data type TEXT
Hibernate: 
    alter table if exists question 
       alter column content set data type TEXT
2025-11-08T12:52:28.226+09:00  INFO 14028 --- [sbb] [    Test worker] j.LocalContainerEntityManagerFactoryBean : Initialized JPA EntityManagerFactory for persistence unit 'default'
2025-11-08T12:52:28.478+09:00  WARN 14028 --- [sbb] [    Test worker] JpaBaseConfiguration$JpaWebConfiguration : spring.jpa.open-in-view is enabled by default. Therefore, database queries may be performed during view rendering. Explicitly configure spring.jpa.open-in-view to disable this warning
2025-11-08T12:52:29.514+09:00  INFO 14028 --- [sbb] [    Test worker] o.s.b.a.h2.H2ConsoleAutoConfiguration    : H2 console available at '/h2-console'. Database available at 'jdbc:h2:~/local'
2025-11-08T12:52:29.618+09:00  INFO 14028 --- [sbb] [    Test worker] com.mysite.sbb.SbbApplicationTests       : Started SbbApplicationTests in 6.182 seconds (process running for 8.006)
Hibernate: 
    select
        q1_0.id,
        q1_0.content,
        q1_0.create_date,
        q1_0.subject 
    from
        question q1_0 
    where
        q1_0.id=?
Hibernate: 
    select
        al1_0.question_id,
        al1_0.id,
        al1_0.content,
        al1_0.create_date 
    from
        answer al1_0 
    where
        al1_0.question_id=?
]]></system-out>
  <system-err><![CDATA[]]></system-err>
</testsuite>
